Build started 19-05-2015 05:04:12.
     1>Project "C:\Users\P1ntas\Desktop\TheSieveOfEratosthenesMPI\TheSieveOfEratosthenesMPI\TheSieveOfEratosthenesMPI.vcxproj" on node 2 (Build target(s)).
     1>ClCompile:
         C:\Program Files (x86)\Microsoft Visual Studio 12.0\VC\bin\CL.exe /c /ZI /nologo /W3 /WX- /sdl /Od /Oy- /D WIN32 /D _DEBUG /D _CONSOLE /D _LIB /D _UNICODE /D UNICODE /Gm /EHsc /RTC1 /MDd /GS /fp:precise /Zc:wchar_t /Zc:forScope /Fo"Debug\\" /Fd"Debug\vc120.pdb" /Gd /TP /analyze- /errorReport:prompt main.cpp
         main.cpp
     1>c:\users\p1ntas\desktop\thesieveoferatosthenesmpi\thesieveoferatosthenesmpi\main.cpp(5): fatal error C1083: Cannot open include file: 'mpi.h': No such file or directory
     1>Done Building Project "C:\Users\P1ntas\Desktop\TheSieveOfEratosthenesMPI\TheSieveOfEratosthenesMPI\TheSieveOfEratosthenesMPI.vcxproj" (Build target(s)) -- FAILED.

Build FAILED.

Time Elapsed 00:00:00.86
